
19540 : 0xccd551a6 : 3 : logger_init :  LOG FILE OPENED (by collectunits.logger), level: 4
19540 : 0xccd552c7 : 4 : pytrace_try_probe_python_functions :  Python version is detected as == 0x0
19540 : 0xccd78d30 : 4 : pytrace_try_probe_python_functions :  Python version is detected as == 0x0
19540 : 0xccdb041a : 4 : pytrace_try_probe_python_functions :  Python version is detected as == 0x0
19540 : 0xccdbe366 : 4 : pytrace_try_probe_python_functions :  Python version is detected as == 0x0
19540 : 0xccdd89dc : 4 : pytrace_try_probe_python_functions :  Python version is detected as == 0x0
19540 : 0xccde164a : 4 : pytrace_try_probe_python_functions :  Python version is detected as == 0x0
19540 : 0xccde930d : 4 : pytrace_try_probe_python_functions :  Python version is detected as == 0x0
19540 : 0xccdefe6b : 4 : pytrace_try_probe_python_functions :  Python version is detected as == 0x0
19540 : 0xcce24ea9 : 4 : pytrace_try_probe_python_functions :  Python version is detected as == 0x0
19540 : 0xcce924c3 : 4 : pytrace_try_probe_python_functions :  Python version is detected as == 0x0
19540 : 0xcceb1e2d : 4 : pytrace_try_probe_python_functions :  Python version is detected as == 0x0
19540 : 0xcceb9cf4 : 4 : pytrace_start_profiling :  [CALLED]
19540 : 0xcceba722 : 4 : pytrace_try_probe_python_functions :  Python version is detected as == 0x0
19540 : 0xccf086ea : 4 : pytrace_try_probe_python_functions :  Python version is detected as == 0x0
19540 : 0xccf183ee : 4 : pytrace_try_probe_python_functions :  Python version is detected as == 0x0
19540 : 0xccf1f785 : 4 : pytrace_try_probe_python_functions :  Python version is detected as == 0x0
19540 : 0xccf25298 : 4 : pytrace_try_probe_python_functions :  Python version is detected as == 0x0
19540 : 0xccf333ee : 4 : pytrace_try_probe_python_functions :  Python version is detected as == 0x0
19540 : 0xccf4562f : 4 : pytrace_try_probe_python_functions :  Python version is detected as == 0x0
19540 : 0xccf5f845 : 4 : pytrace_try_probe_python_functions :  Python version is detected as == 0x0
19540 : 0xccf63d7b : 4 : pytrace_try_probe_python_functions :  Python version is detected as == 0x0
19540 : 0xccf6b14a : 4 : pytrace_try_probe_python_functions :  Python version is detected as == 0x0
19540 : 0xccf7263e : 4 : pytrace_try_probe_python_functions :  Python version is detected as == 0x0
19540 : 0xccf7acc9 : 4 : pytrace_try_probe_python_functions :  Python version is detected as == 0x0
19540 : 0xccfe3e9a : 4 : pytrace_try_probe_python_functions :  Python version is detected as == 0x0
19540 : 0xccfe7f9b : 4 : pytrace_try_probe_python_functions :  Python version is detected as == 0x0
19540 : 0xcd04068a : 4 : pytrace_try_probe_python_functions :  Python version is detected as == 0x0
19540 : 0xcd0476ca : 4 : pytrace_try_probe_python_functions :  Python version is detected as == 0x0
19540 : 0xcd0534cd : 4 : pytrace_try_probe_python_functions :  Python version is detected as == 0x0
19540 : 0xcd0bc3f9 : 4 : pytrace_try_probe_python_functions :  Python version is detected as == 0x0
19540 : 0xcd0d842a : 4 : pytrace_try_probe_python_functions :  Python version is detected as == 0x0
19540 : 0xcd0dbbd8 : 4 : pytrace_try_probe_python_functions :  Python version is detected as == 0x0
19540 : 0xcd0e02a8 : 4 : pytrace_try_probe_python_functions :  Python version is detected as == 0x0
19540 : 0xcd25b1ac : 4 : pytrace_try_probe_python_functions :  Python version is detected as == 0x0
19540 : 0xcd33b4a2 : 4 : pytrace_try_probe_python_functions :  Python version is detected as == 0x0
19540 : 0xcd3d30e9 : 4 : pytrace_try_probe_python_functions :  Python version is detected as == 0x0
19540 : 0xcd4a1738 : 4 : pytrace_try_probe_python_functions :  Python version is detected as == 0x0
19540 : 0xcd4ae670 : 4 : pytrace_try_probe_python_functions :  Python version is detected as == 0x0
19540 : 0xcd4cff9e : 4 : pytrace_try_probe_python_functions :  Python version is detected as == 0x0
19540 : 0xcd526183 : 4 : pytrace_try_probe_python_functions :  Python version is detected as == 0x0
19540 : 0xcd66e268 : 4 : pytrace_try_probe_python_functions :  Python version is detected as == 0x0
19540 : 0xcd772a1b : 4 : pytrace_try_probe_python_functions :  Python version is detected as == 0x0
19540 : 0xcd83dcf8 : 4 : pytrace_try_probe_python_functions :  Python version is detected as == 0x0
19540 : 0xcd8e8d1f : 4 : pytrace_try_probe_python_functions :  Python version is detected as == 0x0
19540 : 0xcd9c5da9 : 4 : pytrace_try_probe_python_functions :  Python version is detected as == 0x0
19540 : 0xcd9fb80a : 4 : pytrace_try_probe_python_functions :  Python version is detected as == 0x0
19540 : 0xcda4b6cf : 4 : pytrace_try_probe_python_functions :  Python version is detected as == 0x0
19540 : 0xcdabd4c5 : 4 : pytrace_try_probe_python_functions :  Python version is detected as == 0x0
19540 : 0xcdac86f8 : 4 : pytrace_try_probe_python_functions :  Python version is detected as == 0x0
19540 : 0xcdb6de1f : 4 : pytrace_try_probe_python_functions :  Python version is detected as == 0x0
19540 : 0xcdb74b05 : 4 : pytrace_try_probe_python_functions :  Python version is detected as == 0x0
19540 : 0xcdcd40b0 : 4 : pytrace_try_probe_python_functions :  Python version is detected as == 0x0
19540 : 0xcdcede55 : 4 : pytrace_try_probe_python_functions :  Python version is detected as == 0x0
19540 : 0xcdcfea72 : 4 : pytrace_try_probe_python_functions :  Python version is detected as == 0x0
19540 : 0xcdd0d56e : 4 : pytrace_try_probe_python_functions :  Python version is detected as == 0x0
19540 : 0xcdd448b1 : 4 : pytrace_try_probe_python_functions :  Python version is detected as == 0x0
19540 : 0xcdd74813 : 4 : pytrace_try_probe_python_functions :  Python version is detected as == 0x0
19540 : 0xcde2ef7c : 4 : pytrace_try_probe_python_functions :  Python version is detected as == 0x0
19540 : 0xcde3328a : 4 : pytrace_try_probe_python_functions :  Python version is detected as == 0x0
19540 : 0xcdea74d5 : 4 : pytrace_try_probe_python_functions :  Python version is detected as == 0x0
19540 : 0xcdeea817 : 4 : pytrace_try_probe_python_functions :  Python version is detected as == 0x0
19540 : 0xcdf709ff : 4 : pytrace_try_probe_python_functions :  Python version is detected as == 0x0
19540 : 0xcdf9d727 : 4 : pytrace_try_probe_python_functions :  Python version is detected as == 0x0
19540 : 0xcdfeaf84 : 4 : pytrace_try_probe_python_functions :  Python version is detected as == 0x0
19540 : 0xce049092 : 4 : pytrace_try_probe_python_functions :  Python version is detected as == 0x0
19540 : 0xce19d832 : 4 : pytrace_try_probe_python_functions :  Python version is detected as == 0x0
19540 : 0xce2ff007 : 4 : pytrace_try_probe_python_functions :  Python version is detected as == 0x0
19540 : 0xce3155cc : 4 : pytrace_try_probe_python_functions :  Python version is detected as == 0x0
19540 : 0xce31f887 : 4 : pytrace_try_probe_python_functions :  Python version is detected as == 0x0
19540 : 0xce390219 : 4 : pytrace_try_probe_python_functions :  Python version is detected as == 0x0
19540 : 0xce4dfb8a : 4 : pytrace_try_probe_python_functions :  Python version is detected as == 0x0
19540 : 0xce632a0e : 4 : pytrace_try_probe_python_functions :  Python version is detected as == 0x0
19540 : 0xce63eadb : 4 : pytrace_try_probe_python_functions :  Python version is detected as == 0x0
19540 : 0xce747117 : 4 : pytrace_try_probe_python_functions :  Python version is detected as == 0x0
19540 : 0xce84ae68 : 4 : pytrace_try_probe_python_functions :  Python version is detected as == 0x0
19540 : 0xce86f71c : 4 : pytrace_try_probe_python_functions :  Python version is detected as == 0x0
19540 : 0xceaa8d4e : 4 : pytrace_try_probe_python_functions :  Python version is detected as == 0x0
19540 : 0xceb022d2 : 4 : pytrace_try_probe_python_functions :  Python version is detected as == 0x0
19540 : 0xceb1f513 : 4 : pytrace_try_probe_python_functions :  Python version is detected as == 0x0
19540 : 0xceca748a : 4 : pytrace_try_probe_python_functions :  Python version is detected as == 0x0
19540 : 0xcee9525c : 4 : pytrace_try_probe_python_functions :  Python version is detected as == 0x0
19540 : 0xcefed0ea : 4 : pytrace_try_probe_python_functions :  Python version is detected as == 0x0
19540 : 0xcf0e2053 : 4 : pytrace_try_probe_python_functions :  Python version is detected as == 0x0
19540 : 0xcf14013e : 4 : pytrace_try_probe_python_functions :  Python version is detected as == 0x0
19540 : 0xcf29e989 : 4 : pytrace_try_probe_python_functions :  Python version is detected as == 0x0
19540 : 0xcf3eecd7 : 4 : pytrace_try_probe_python_functions :  Python version is detected as == 0x0
19540 : 0xcf3fde89 : 4 : pytrace_try_probe_python_functions :  Python version is detected as == 0x0
19540 : 0xcf40cf57 : 4 : pytrace_try_probe_python_functions :  Python version is detected as == 0x0
19540 : 0xcf41aee2 : 4 : pytrace_try_probe_python_functions :  Python version is detected as == 0x0
19540 : 0xcf5eb9c9 : 4 : pytrace_try_probe_python_functions :  Python version is detected as == 0x0
19540 : 0xcf638fe6 : 4 : pytrace_try_probe_python_functions :  Python version is detected as == 0x0
19540 : 0xcf64a3ba : 4 : pytrace_try_probe_python_functions :  Python version is detected as == 0x0
19540 : 0xcf660420 : 4 : pytrace_try_probe_python_functions :  Python version is detected as == 0x0
19540 : 0xcf7ab3a1 : 4 : pytrace_try_probe_python_functions :  Python version is detected as == 0x0
19540 : 0xcf85e47d : 4 : pytrace_try_probe_python_functions :  Python version is detected as == 0x0
19540 : 0xcf9a9532 : 4 : pytrace_try_probe_python_functions :  Python version is detected as == 0x0
19540 : 0xcfb4dcbd : 4 : pytrace_try_probe_python_functions :  Python version is detected as == 0x0
19540 : 0xcfc9838b : 4 : pytrace_try_probe_python_functions :  Python version is detected as == 0x0
19540 : 0xcfcb342f : 4 : pytrace_try_probe_python_functions :  Python version is detected as == 0x0
19540 : 0xcfcf6046 : 4 : pytrace_try_probe_python_functions :  Python version is detected as == 0x0
19540 : 0xcfd18ce4 : 4 : pytrace_try_probe_python_functions :  Python version is detected as == 0x0
19540 : 0xcfeca1e9 : 4 : pytrace_try_probe_python_functions :  Python version is detected as == 0x0
19540 : 0xcff14a57 : 4 : pytrace_try_probe_python_functions :  Python version is detected as == 0x0
3824 : 0xd1db933e : 4 : pytrace_stop_profiling :  [CALLED]
3824 : 0xd1db93ac : 3 : logger_fini :  LOG FILE CLOSED (by collectunits.logger)